<?xml version="1.0" encoding="UTF-8"?>
<testng-results ignored="0" total="1" passed="1" failed="0" skipped="0">
  <reporter-output>
  </reporter-output>
  <suite started-at="2019-12-25T15:12:05 CST" name="All Test Suite" finished-at="2019-12-25T15:21:25 CST" duration-ms="559364">
    <groups>
    </groups>
    <test started-at="2019-12-25T15:12:05 CST" name="fanfantest" finished-at="2019-12-25T15:21:25 CST" duration-ms="559364">
      <class name="controler.goumai">
        <test-method signature="mai()[pri:0, instance:controler.goumai@5bda8e08]" started-at="2019-12-25T15:12:05 CST" name="mai" finished-at="2019-12-25T15:21:25 CST" duration-ms="559338" status="PASS">
          <reporter-output>
          </reporter-output>
        </test-method> <!-- mai -->
      </class> <!-- controler.goumai -->
    </test> <!-- fanfantest -->
  </suite> <!-- All Test Suite -->
</testng-results>
